{"G:\\REFOCUS\\TheManilaTimes\\main.js": {"path":"G:\\REFOCUS\\TheManilaTimes\\main.js","statementMap":{"0":{"start":{"line":8,"column":22},"end":{"line":17,"column":1}},"1":{"start":{"line":23,"column":21},"end":{"line":23,"column":30}},"2":{"start":{"line":24,"column":16},"end":{"line":24,"column":40}},"3":{"start":{"line":25,"column":21},"end":{"line":25,"column":96}},"4":{"start":{"line":25,"column":50},"end":{"line":25,"column":95}},"5":{"start":{"line":28,"column":2},"end":{"line":28,"column":22}},"6":{"start":{"line":33,"column":2},"end":{"line":39,"column":3}},"7":{"start":{"line":34,"column":6},"end":{"line":34,"column":22}},"8":{"start":{"line":37,"column":6},"end":{"line":37,"column":22}},"9":{"start":{"line":38,"column":6},"end":{"line":38,"column":25}},"10":{"start":{"line":40,"column":2},"end":{"line":40,"column":18}}},"fnMap":{"0":{"name":"search","decl":{"start":{"line":19,"column":16},"end":{"line":19,"column":22}},"loc":{"start":{"line":19,"column":39},"end":{"line":29,"column":1}},"line":19},"1":{"name":"(anonymous_1)","decl":{"start":{"line":25,"column":37},"end":{"line":25,"column":38}},"loc":{"start":{"line":25,"column":50},"end":{"line":25,"column":95}},"line":25},"2":{"name":"sort","decl":{"start":{"line":32,"column":16},"end":{"line":32,"column":20}},"loc":{"start":{"line":32,"column":27},"end":{"line":41,"column":1}},"line":32}},"branchMap":{"0":{"loc":{"start":{"line":19,"column":23},"end":{"line":19,"column":37}},"type":"default-arg","locations":[{"start":{"line":19,"column":35},"end":{"line":19,"column":37}}],"line":19},"1":{"loc":{"start":{"line":33,"column":2},"end":{"line":39,"column":3}},"type":"if","locations":[{"start":{"line":33,"column":2},"end":{"line":39,"column":3}},{"start":{"line":36,"column":9},"end":{"line":39,"column":3}}],"line":33}},"s":{"0":1,"1":3,"2":3,"3":3,"4":24,"5":3,"6":2,"7":1,"8":1,"9":1,"10":2},"f":{"0":3,"1":24,"2":2},"b":{"0":[1],"1":[1,1]},"_coverageSchema":"1a1c01bbd47fc00a2c39e90264f33305004495a9","hash":"5e94f8bcfd1cf93ef90545c73f53aa05773148bb"}
}
